<?xml version="1.0" encoding="UTF-8"?>
<!-- Generated by org.testng.reporters.JUnitReportReporter -->
<testsuite hostname="USHYDEBANBHATT5" name="com.sample.headlessBrowser.Test1" tests="1" failures="0" timestamp="25 Aug 2018 19:25:08 GMT" time="0.010" errors="0">
  <testcase name="test" time="0.010" classname="com.sample.headlessBrowser.Test1"/>
</testsuite> <!-- com.sample.headlessBrowser.Test1 -->
